<?xml version="1.0" encoding="UTF-8"?>
<!-- Generated by org.testng.reporters.JUnitReportReporter -->
<testsuite hostname="ATMECSINLT-043" failures="0" tests="1" name="com.atmecs.demo.testscripts.Homepage" time="0.364" errors="0" timestamp="2019-11-19T15:15:18 IST" skipped="0">
  <testcase classname="com.atmecs.demo.testscripts.Homepage" name="clickSearchButton" time="0.364"/>
</testsuite> <!-- com.atmecs.demo.testscripts.Homepage -->
