<?xml version="1.0" encoding="UTF-8"?>
<!-- Generated by org.testng.reporters.JUnitReportReporter -->
<testsuite hostname="ATMECSINLT-043" failures="0" tests="6" name="com.atmecs.demo.testscripts.AddCart" time="9.624" errors="0" timestamp="2019-11-19T11:45:17 IST" skipped="0">
  <testcase classname="com.atmecs.demo.testscripts.AddCart" name="clickSearchButton" time="0.374"/>
  <testcase classname="com.atmecs.demo.testscripts.AddCart" name="enterData" time="3.830"/>
  <testcase classname="com.atmecs.demo.testscripts.AddCart" name="enterData" time="2.549"/>
  <testcase classname="com.atmecs.demo.testscripts.AddCart" name="validateCartAfterAdd" time="1.184"/>
  <testcase classname="com.atmecs.demo.testscripts.AddCart" name="validateAfterRemove" time="0.875"/>
  <testcase classname="com.atmecs.demo.testscripts.AddCart" name="negativeTestCase" time="0.812"/>
</testsuite> <!-- com.atmecs.demo.testscripts.AddCart -->
