<?xml version="1.0" encoding="UTF-8"?>
<!-- Generated by org.testng.reporters.JUnitReportReporter -->
<testsuite hostname="ATMECSINLT-043" failures="0" tests="6" name="com.atmecs.demo.testscripts.AddCart" time="9.829" errors="0" timestamp="2019-11-19T17:16:57 IST" skipped="0">
  <testcase classname="com.atmecs.demo.testscripts.AddCart" name="clickSearchButton" time="0.312"/>
  <testcase classname="com.atmecs.demo.testscripts.AddCart" name="enterData" time="2.770"/>
  <testcase classname="com.atmecs.demo.testscripts.AddCart" name="enterData" time="3.871"/>
  <testcase classname="com.atmecs.demo.testscripts.AddCart" name="validateCartAfterAdd" time="1.157"/>
  <testcase classname="com.atmecs.demo.testscripts.AddCart" name="validateAfterRemove" time="0.887"/>
  <testcase classname="com.atmecs.demo.testscripts.AddCart" name="negativeTestCase" time="0.832"/>
</testsuite> <!-- com.atmecs.demo.testscripts.AddCart -->
