<?xml version="1.0" encoding="UTF-8"?>
<!-- Generated by org.testng.reporters.JUnitReportReporter -->
<testsuite hostname="ATMECSINLT-043" failures="0" tests="6" name="com.atmecs.demo.testscripts.AddCart" time="21.373" errors="0" timestamp="2019-11-19T16:01:43 IST" skipped="0">
  <testcase classname="com.atmecs.demo.testscripts.AddCart" name="clickSearchButton" time="0.939"/>
  <testcase classname="com.atmecs.demo.testscripts.AddCart" name="enterData" time="6.349"/>
  <testcase classname="com.atmecs.demo.testscripts.AddCart" name="enterData" time="6.702"/>
  <testcase classname="com.atmecs.demo.testscripts.AddCart" name="validateCartAfterAdd" time="3.164"/>
  <testcase classname="com.atmecs.demo.testscripts.AddCart" name="validateAfterRemove" time="2.232"/>
  <testcase classname="com.atmecs.demo.testscripts.AddCart" name="negativeTestCase" time="1.987"/>
</testsuite> <!-- com.atmecs.demo.testscripts.AddCart -->
